<?xml version="1.0" encoding="UTF-8"?>
<!-- Generated by org.testng.reporters.JUnitXMLReporter -->
<testsuite hostname="DESKTOP-6RCEUOS" ignored="0" name="Bank Manager Login Test" tests="1" failures="1" timestamp="2020-12-12T15:11:53 IST" time="0.25" errors="0">
  <testcase name="loginAsBankManager" time="0.223" classname="com.w2a.testcases.BankManagerLoginTest">
    <failure type="java.lang.AssertionError" message="login not successfull">
      <![CDATA[java.lang.AssertionError: login not successfull
at com.w2a.testcases.BankManagerLoginTest.loginAsBankManager(BankManagerLoginTest.java:18)
at java.util.ArrayList.forEach(Unknown Source)
... Removed 28 stack frames]]>
    </failure>
  </testcase> <!-- loginAsBankManager -->
</testsuite> <!-- Bank Manager Login Test -->
